<?xml version="1.0" encoding="UTF-8"?>
<testsuite xmlns:xsi="http://www.w3.org/2001/XMLSchema-instance" xsi:noNamespaceSchemaLocation="https://maven.apache.org/surefire/maven-surefire-plugin/xsd/surefire-test-report.xsd" name="de.hsh.steam.SteamServiceTest" time="0.371" tests="2" errors="0" skipped="0" failures="0">
  <properties>
[...]
</properties>
  <testcase name="shouldLogin" classname="de.hsh.steam.SteamServiceTest" time="0.001"/>
  <testcase name="userstory" classname="de.hsh.steam.SteamServiceTest" time="0.167"/>
</testsuite>